<?xml version="1.0" encoding="UTF-8"?>
<testng-results ignored="0" total="10" passed="10" failed="0" skipped="0">
  <reporter-output>
  </reporter-output>
  <suite started-at="2021-09-25T14:56:18Z" name="Suite" finished-at="2021-09-25T15:01:19Z" duration-ms="301299">
    <groups>
    </groups>
    <test started-at="2021-09-25T14:56:18Z" name="Test1" finished-at="2021-09-25T14:56:45Z" duration-ms="27084">
      <class name="Assessment.Hybrid.ValidatingLoftBedHeading">
        <test-method is-config="true" signature="btest()[pri:0, instance:Assessment.Hybrid.ValidatingLoftBedHeading@5489c777]" started-at="2021-09-25T14:56:18Z" name="btest" finished-at="2021-09-25T14:56:25Z" duration-ms="6941" status="PASS">
          <reporter-output>
          </reporter-output>
        </test-method> <!-- btest -->
        <test-method signature="validatingLoftBedHeading()[pri:0, instance:Assessment.Hybrid.ValidatingLoftBedHeading@5489c777]" started-at="2021-09-25T14:56:25Z" name="validatingLoftBedHeading" finished-at="2021-09-25T14:56:44Z" duration-ms="19425" status="PASS">
          <reporter-output>
          </reporter-output>
        </test-method> <!-- validatingLoftBedHeading -->
        <test-method is-config="true" signature="atest()[pri:0, instance:Assessment.Hybrid.ValidatingLoftBedHeading@5489c777]" started-at="2021-09-25T14:56:45Z" name="atest" finished-at="2021-09-25T14:56:45Z" duration-ms="352" status="PASS">
          <reporter-output>
          </reporter-output>
        </test-method> <!-- atest -->
      </class> <!-- Assessment.Hybrid.ValidatingLoftBedHeading -->
    </test> <!-- Test1 -->
    <test started-at="2021-09-25T14:56:45Z" name="Test2" finished-at="2021-09-25T14:57:12Z" duration-ms="27253">
      <class name="Assessment.Hybrid.ValidatingNumOfStores">
        <test-method is-config="true" signature="btest()[pri:0, instance:Assessment.Hybrid.ValidatingNumOfStores@62da83ed]" started-at="2021-09-25T14:56:45Z" name="btest" finished-at="2021-09-25T14:56:47Z" duration-ms="2062" status="PASS">
          <reporter-output>
          </reporter-output>
        </test-method> <!-- btest -->
        <test-method signature="NumOfStores()[pri:0, instance:Assessment.Hybrid.ValidatingNumOfStores@62da83ed]" started-at="2021-09-25T14:56:47Z" name="NumOfStores" finished-at="2021-09-25T14:57:11Z" duration-ms="24333" status="PASS">
          <reporter-output>
          </reporter-output>
        </test-method> <!-- NumOfStores -->
        <test-method is-config="true" signature="atest()[pri:0, instance:Assessment.Hybrid.ValidatingNumOfStores@62da83ed]" started-at="2021-09-25T14:57:12Z" name="atest" finished-at="2021-09-25T14:57:12Z" duration-ms="386" status="PASS">
          <reporter-output>
          </reporter-output>
        </test-method> <!-- atest -->
      </class> <!-- Assessment.Hybrid.ValidatingNumOfStores -->
    </test> <!-- Test2 -->
    <test started-at="2021-09-25T14:57:12Z" name="Test3" finished-at="2021-09-25T14:57:37Z" duration-ms="25209">
      <class name="Assessment.Hybrid.NumOfQuestionHelp">
        <test-method is-config="true" signature="btest()[pri:0, instance:Assessment.Hybrid.NumOfQuestionHelp@29ad44e3]" started-at="2021-09-25T14:57:12Z" name="btest" finished-at="2021-09-25T14:57:17Z" duration-ms="4641" status="PASS">
          <reporter-output>
          </reporter-output>
        </test-method> <!-- btest -->
        <test-method signature="Numofquesvalidation()[pri:0, instance:Assessment.Hybrid.NumOfQuestionHelp@29ad44e3]" started-at="2021-09-25T14:57:17Z" name="Numofquesvalidation" finished-at="2021-09-25T14:57:33Z" duration-ms="16002" status="PASS">
          <reporter-output>
          </reporter-output>
        </test-method> <!-- Numofquesvalidation -->
        <test-method is-config="true" signature="atest()[pri:0, instance:Assessment.Hybrid.NumOfQuestionHelp@29ad44e3]" started-at="2021-09-25T14:57:33Z" name="atest" finished-at="2021-09-25T14:57:37Z" duration-ms="4394" status="PASS">
          <reporter-output>
          </reporter-output>
        </test-method> <!-- atest -->
      </class> <!-- Assessment.Hybrid.NumOfQuestionHelp -->
    </test> <!-- Test3 -->
    <test started-at="2021-09-25T14:57:37Z" name="Test4" finished-at="2021-09-25T14:57:51Z" duration-ms="13417">
      <class name="Assessment.Hybrid.ValidatingTableResults">
        <test-method is-config="true" signature="btest()[pri:0, instance:Assessment.Hybrid.ValidatingTableResults@69adf72c]" started-at="2021-09-25T14:57:37Z" name="btest" finished-at="2021-09-25T14:57:41Z" duration-ms="3232" status="PASS">
          <reporter-output>
          </reporter-output>
        </test-method> <!-- btest -->
        <test-method signature="validatingtablesearchresults()[pri:0, instance:Assessment.Hybrid.ValidatingTableResults@69adf72c]" started-at="2021-09-25T14:57:41Z" name="validatingtablesearchresults" finished-at="2021-09-25T14:57:50Z" duration-ms="9364" status="PASS">
          <reporter-output>
          </reporter-output>
        </test-method> <!-- validatingtablesearchresults -->
        <test-method is-config="true" signature="atest()[pri:0, instance:Assessment.Hybrid.ValidatingTableResults@69adf72c]" started-at="2021-09-25T14:57:51Z" name="atest" finished-at="2021-09-25T14:57:51Z" duration-ms="288" status="PASS">
          <reporter-output>
          </reporter-output>
        </test-method> <!-- atest -->
      </class> <!-- Assessment.Hybrid.ValidatingTableResults -->
    </test> <!-- Test4 -->
    <test started-at="2021-09-25T14:57:51Z" name="Test5" finished-at="2021-09-25T14:58:21Z" duration-ms="29914">
      <class name="Assessment.Hybrid.ValidatingTVunitsinstorage">
        <test-method is-config="true" signature="btest()[pri:0, instance:Assessment.Hybrid.ValidatingTVunitsinstorage@499b2a5c]" started-at="2021-09-25T14:57:51Z" name="btest" finished-at="2021-09-25T14:57:57Z" duration-ms="5669" status="PASS">
          <reporter-output>
          </reporter-output>
        </test-method> <!-- btest -->
        <test-method signature="validatingtvunitsinstorage()[pri:0, instance:Assessment.Hybrid.ValidatingTVunitsinstorage@499b2a5c]" started-at="2021-09-25T14:57:57Z" name="validatingtvunitsinstorage" finished-at="2021-09-25T14:58:16Z" duration-ms="18979" status="PASS">
          <reporter-output>
          </reporter-output>
        </test-method> <!-- validatingtvunitsinstorage -->
        <test-method is-config="true" signature="atest()[pri:0, instance:Assessment.Hybrid.ValidatingTVunitsinstorage@499b2a5c]" started-at="2021-09-25T14:58:16Z" name="atest" finished-at="2021-09-25T14:58:21Z" duration-ms="4602" status="PASS">
          <reporter-output>
          </reporter-output>
        </test-method> <!-- atest -->
      </class> <!-- Assessment.Hybrid.ValidatingTVunitsinstorage -->
    </test> <!-- Test5 -->
    <test started-at="2021-09-25T14:58:21Z" name="Test6" finished-at="2021-09-25T14:58:57Z" duration-ms="36377">
      <class name="Assessment.Hybrid.ValidatingNumOfOccasions">
        <test-method is-config="true" signature="btest()[pri:0, instance:Assessment.Hybrid.ValidatingNumOfOccasions@285f09de]" started-at="2021-09-25T14:58:21Z" name="btest" finished-at="2021-09-25T14:58:25Z" duration-ms="3873" status="PASS">
          <reporter-output>
          </reporter-output>
        </test-method> <!-- btest -->
        <test-method signature="NumOfOccasions()[pri:0, instance:Assessment.Hybrid.ValidatingNumOfOccasions@285f09de]" started-at="2021-09-25T14:58:25Z" name="NumOfOccasions" finished-at="2021-09-25T14:58:52Z" duration-ms="26937" status="PASS">
          <reporter-output>
          </reporter-output>
        </test-method> <!-- NumOfOccasions -->
        <test-method is-config="true" signature="atest()[pri:0, instance:Assessment.Hybrid.ValidatingNumOfOccasions@285f09de]" started-at="2021-09-25T14:58:52Z" name="atest" finished-at="2021-09-25T14:58:57Z" duration-ms="4686" status="PASS">
          <reporter-output>
          </reporter-output>
        </test-method> <!-- atest -->
      </class> <!-- Assessment.Hybrid.ValidatingNumOfOccasions -->
    </test> <!-- Test6 -->
    <test started-at="2021-09-25T14:58:57Z" name="Test7" finished-at="2021-09-25T14:59:26Z" duration-ms="29039">
      <class name="Assessment.Hybrid.TrackingInvalidOrder">
        <test-method is-config="true" signature="btest()[pri:0, instance:Assessment.Hybrid.TrackingInvalidOrder@1c25b8a7]" started-at="2021-09-25T14:58:57Z" name="btest" finished-at="2021-09-25T14:58:59Z" duration-ms="2011" status="PASS">
          <reporter-output>
          </reporter-output>
        </test-method> <!-- btest -->
        <test-method signature="TrackingInvalidOrders()[pri:0, instance:Assessment.Hybrid.TrackingInvalidOrder@1c25b8a7]" started-at="2021-09-25T14:58:59Z" name="TrackingInvalidOrders" finished-at="2021-09-25T14:59:22Z" duration-ms="22598" status="PASS">
          <reporter-output>
          </reporter-output>
        </test-method> <!-- TrackingInvalidOrders -->
        <test-method is-config="true" signature="atest()[pri:0, instance:Assessment.Hybrid.TrackingInvalidOrder@1c25b8a7]" started-at="2021-09-25T14:59:22Z" name="atest" finished-at="2021-09-25T14:59:26Z" duration-ms="4219" status="PASS">
          <reporter-output>
          </reporter-output>
        </test-method> <!-- atest -->
      </class> <!-- Assessment.Hybrid.TrackingInvalidOrder -->
    </test> <!-- Test7 -->
    <test started-at="2021-09-25T14:59:26Z" name="Test8" finished-at="2021-09-25T14:59:54Z" duration-ms="28065">
      <class name="Assessment.Hybrid.Validatingnumoftypesstorage">
        <test-method is-config="true" signature="btest()[pri:0, instance:Assessment.Hybrid.Validatingnumoftypesstorage@4fdfa676]" started-at="2021-09-25T14:59:26Z" name="btest" finished-at="2021-09-25T14:59:29Z" duration-ms="2907" status="PASS">
          <reporter-output>
          </reporter-output>
        </test-method> <!-- btest -->
        <test-method signature="ValidatingNumOfTypesStorage()[pri:0, instance:Assessment.Hybrid.Validatingnumoftypesstorage@4fdfa676]" started-at="2021-09-25T14:59:29Z" name="ValidatingNumOfTypesStorage" finished-at="2021-09-25T14:59:45Z" duration-ms="16370" status="PASS">
          <reporter-output>
          </reporter-output>
        </test-method> <!-- ValidatingNumOfTypesStorage -->
        <test-method is-config="true" signature="atest()[pri:0, instance:Assessment.Hybrid.Validatingnumoftypesstorage@4fdfa676]" started-at="2021-09-25T14:59:47Z" name="atest" finished-at="2021-09-25T14:59:54Z" duration-ms="7686" status="PASS">
          <reporter-output>
          </reporter-output>
        </test-method> <!-- atest -->
      </class> <!-- Assessment.Hybrid.Validatingnumoftypesstorage -->
    </test> <!-- Test8 -->
    <test started-at="2021-09-25T14:59:54Z" name="Test9" finished-at="2021-09-25T14:59:54Z" duration-ms="0">
    </test> <!-- Test9 -->
    <test started-at="2021-09-25T14:59:54Z" name="Test10" finished-at="2021-09-25T15:00:32Z" duration-ms="38124">
      <class name="Assessment.Hybrid.LoginInvalidCredentials">
        <test-method is-config="true" signature="btest()[pri:0, instance:Assessment.Hybrid.LoginInvalidCredentials@18388a3c]" started-at="2021-09-25T14:59:54Z" name="btest" finished-at="2021-09-25T14:59:57Z" duration-ms="2903" status="PASS">
          <reporter-output>
          </reporter-output>
        </test-method> <!-- btest -->
        <test-method signature="LoginWithInvalidCredential()[pri:0, instance:Assessment.Hybrid.LoginInvalidCredentials@18388a3c]" started-at="2021-09-25T14:59:57Z" name="LoginWithInvalidCredential" finished-at="2021-09-25T15:00:28Z" duration-ms="30567" status="PASS">
          <reporter-output>
          </reporter-output>
        </test-method> <!-- LoginWithInvalidCredential -->
        <test-method is-config="true" signature="atest()[pri:0, instance:Assessment.Hybrid.LoginInvalidCredentials@18388a3c]" started-at="2021-09-25T15:00:28Z" name="atest" finished-at="2021-09-25T15:00:32Z" duration-ms="4398" status="PASS">
          <reporter-output>
          </reporter-output>
        </test-method> <!-- atest -->
      </class> <!-- Assessment.Hybrid.LoginInvalidCredentials -->
    </test> <!-- Test10 -->
    <test started-at="2021-09-25T15:00:32Z" name="Test11" finished-at="2021-09-25T15:01:19Z" duration-ms="46713">
      <class name="Assessment.Hybrid.NumOfTopicsHelp">
        <test-method is-config="true" signature="btest()[pri:0, instance:Assessment.Hybrid.NumOfTopicsHelp@6622a690]" started-at="2021-09-25T15:00:32Z" name="btest" finished-at="2021-09-25T15:00:46Z" duration-ms="13168" status="PASS">
          <reporter-output>
          </reporter-output>
        </test-method> <!-- btest -->
        <test-method signature="NumOfTopicsValidationHelp()[pri:0, instance:Assessment.Hybrid.NumOfTopicsHelp@6622a690]" started-at="2021-09-25T15:00:46Z" name="NumOfTopicsValidationHelp" finished-at="2021-09-25T15:01:11Z" duration-ms="25531" status="PASS">
          <reporter-output>
          </reporter-output>
        </test-method> <!-- NumOfTopicsValidationHelp -->
        <test-method is-config="true" signature="atest()[pri:0, instance:Assessment.Hybrid.NumOfTopicsHelp@6622a690]" started-at="2021-09-25T15:01:11Z" name="atest" finished-at="2021-09-25T15:01:19Z" duration-ms="7702" status="PASS">
          <reporter-output>
          </reporter-output>
        </test-method> <!-- atest -->
      </class> <!-- Assessment.Hybrid.NumOfTopicsHelp -->
    </test> <!-- Test11 -->
  </suite> <!-- Suite -->
</testng-results>
