<?xml version="1.0" encoding="UTF-8"?>
<testng-results ignored="0" total="1" passed="1" failed="0" skipped="0">
  <reporter-output>
  </reporter-output>
  <suite started-at="2021-09-25T14:30:28Z" name="Default suite" finished-at="2021-09-25T14:30:58Z" duration-ms="29922">
    <groups>
    </groups>
    <test started-at="2021-09-25T14:30:28Z" name="Default test" finished-at="2021-09-25T14:30:58Z" duration-ms="29922">
      <class name="Assessment.Hybrid.LoginInvalidCredentials">
        <test-method is-config="true" signature="btest()[pri:0, instance:Assessment.Hybrid.LoginInvalidCredentials@6ce1f601]" started-at="2021-09-25T14:30:28Z" name="btest" finished-at="2021-09-25T14:30:31Z" duration-ms="3081" status="PASS">
          <reporter-output>
          </reporter-output>
        </test-method> <!-- btest -->
        <test-method signature="LoginWithInvalidCredential()[pri:0, instance:Assessment.Hybrid.LoginInvalidCredentials@6ce1f601]" started-at="2021-09-25T14:30:31Z" name="LoginWithInvalidCredential" finished-at="2021-09-25T14:30:58Z" duration-ms="26480" status="PASS">
          <reporter-output>
          </reporter-output>
        </test-method> <!-- LoginWithInvalidCredential -->
        <test-method is-config="true" signature="atest()[pri:0, instance:Assessment.Hybrid.LoginInvalidCredentials@6ce1f601]" started-at="2021-09-25T14:30:58Z" name="atest" finished-at="2021-09-25T14:30:58Z" duration-ms="338" status="PASS">
          <reporter-output>
          </reporter-output>
        </test-method> <!-- atest -->
      </class> <!-- Assessment.Hybrid.LoginInvalidCredentials -->
    </test> <!-- Default test -->
  </suite> <!-- Default suite -->
</testng-results>
